<?xml version="1.0" encoding="UTF-8"?>
<!-- Generated by org.testng.reporters.JUnitReportReporter -->
<testsuite skipped="0" hostname="DESKTOP-AUMHBJJ" name="com.krn.actitime.task.createTask" tests="1" failures="0" timestamp="2020-04-17T20:23:39 IST" time="9.228" errors="0">
  <testcase name="testCreateTask" time="9.228" classname="com.krn.actitime.task.createTask"/>
  <system-out/>
</testsuite> <!-- com.krn.actitime.task.createTask -->
