<?xml version="1.0" encoding="UTF-8"?>
<!-- Generated by org.testng.reporters.JUnitReportReporter -->
<testsuite skipped="0" hostname="DESKTOP-AUMHBJJ" name="com.krn.actitime.taskpage.taskPage" tests="1" failures="0" timestamp="2020-04-17T19:10:40 IST" time="0.012" errors="0">
  <testcase name="f" time="0.012" classname="com.krn.actitime.taskpage.taskPage"/>
  <system-out/>
</testsuite> <!-- com.krn.actitime.taskpage.taskPage -->
