<?xml version="1.0" encoding="UTF-8"?>
<!-- Generated by org.testng.reporters.JUnitReportReporter -->
<testsuite skipped="0" hostname="DESKTOP-AUMHBJJ" name="com.krn.actitime.testbase.baseClass" tests="1" failures="0" timestamp="2020-04-17T19:10:41 IST" time="9.851" errors="0">
  <testcase name="openBrowser" time="9.851" classname="com.krn.actitime.testbase.baseClass"/>
  <system-out/>
</testsuite> <!-- com.krn.actitime.testbase.baseClass -->
